<?xml version="1.0" encoding="utf-8"?><testsuites><testsuite name="pytest" errors="0" failures="0" skipped="0" tests="5" time="0.027" timestamp="2024-11-14T09:44:03.365347+07:00" hostname="Pdepar"><testcase classname="main_test" name="test_multiply" time="0.001" /><testcase classname="main_test" name="test_divide" time="0.000" /><testcase classname="main_test" name="test_distance" time="0.000" /><testcase classname="main_test" name="test_solve_quadratic" time="0.000" /><testcase classname="main_test" name="test_geometric_sum" time="0.000" /></testsuite></testsuites>